add_team: SUCCESS
add_player: SUCCESS
add_player: SUCCESS
add_team: SUCCESS
add_team: SUCCESS
add_player: SUCCESS
add_player: SUCCESS
add_player: SUCCESS
add_team: SUCCESS
add_player: SUCCESS
add_player: SUCCESS
add_team: SUCCESS
add_team: SUCCESS
add_player: SUCCESS
add_player: SUCCESS
add_player: SUCCESS
add_team: SUCCESS
add_player: FAILURE
add_player: FAILURE
add_team: SUCCESS
add_player: FAILURE
add_player: FAILURE
add_player: FAILURE
add_player: FAILURE
add_team: SUCCESS
add_team: SUCCESS
get_highest_ranked_team: SUCCESS, 23835
play_match: FAILURE
unite_teams: FAILURE
play_match: FAILURE
play_match: FAILURE
unite_teams: FAILURE
add_player: FAILURE
num_wins_for_team: FAILURE
remove_newest_player: FAILURE
add_team: SUCCESS
add_player: FAILURE
num_wins_for_team: FAILURE
num_wins_for_team: FAILURE
remove_team: FAILURE
unite_teams: FAILURE
play_tournament: SUCCESS, 69
unite_teams: FAILURE
unite_teams: FAILURE
play_tournament: FAILURE
remove_newest_player: FAILURE
remove_newest_player: FAILURE
add_player: FAILURE
get_highest_ranked_team: SUCCESS, 23835
remove_team: FAILURE
num_wins_for_team: FAILURE
add_player: FAILURE
remove_team: FAILURE
remove_team: FAILURE
num_wins_for_team: FAILURE
